ERROR - 2023-02-26 02:58:11 --> mysqli_sql_exception: Column 'id_distribusi' cannot be null in C:\xamppV8\htdocs\KalbeOPL\vendor\codeigniter4\framework\system\Database\MySQLi\Connection.php:295
Stack trace:
#0 C:\xamppV8\htdocs\KalbeOPL\vendor\codeigniter4\framework\system\Database\MySQLi\Connection.php(295): mysqli->query('INSERT INTO `op...', 0)
#1 C:\xamppV8\htdocs\KalbeOPL\vendor\codeigniter4\framework\system\Database\BaseConnection.php(691): CodeIgniter\Database\MySQLi\Connection->execute('INSERT INTO `op...')
#2 C:\xamppV8\htdocs\KalbeOPL\vendor\codeigniter4\framework\system\Database\BaseConnection.php(605): CodeIgniter\Database\BaseConnection->simpleQuery('INSERT INTO `op...')
#3 C:\xamppV8\htdocs\KalbeOPL\vendor\codeigniter4\framework\system\Database\BaseBuilder.php(2294): CodeIgniter\Database\BaseConnection->query('INSERT INTO `op...', Array, false)
#4 C:\xamppV8\htdocs\KalbeOPL\vendor\codeigniter4\framework\system\Model.php(329): CodeIgniter\Database\BaseBuilder->insert()
#5 C:\xamppV8\htdocs\KalbeOPL\vendor\codeigniter4\framework\system\BaseModel.php(782): CodeIgniter\Model->doInsert(Array)
#6 C:\xamppV8\htdocs\KalbeOPL\vendor\codeigniter4\framework\system\Model.php(728): CodeIgniter\BaseModel->insert(Array, false)
#7 C:\xamppV8\htdocs\KalbeOPL\vendor\codeigniter4\framework\system\BaseModel.php(692): CodeIgniter\Model->insert(Array, false)
#8 C:\xamppV8\htdocs\KalbeOPL\app\Controllers\troubleshooting.php(757): CodeIgniter\BaseModel->save(Array)
#9 C:\xamppV8\htdocs\KalbeOPL\vendor\codeigniter4\framework\system\CodeIgniter.php(934): App\Controllers\troubleshooting->save()
#10 C:\xamppV8\htdocs\KalbeOPL\vendor\codeigniter4\framework\system\CodeIgniter.php(499): CodeIgniter\CodeIgniter->runController(Object(App\Controllers\troubleshooting))
#11 C:\xamppV8\htdocs\KalbeOPL\vendor\codeigniter4\framework\system\CodeIgniter.php(368): CodeIgniter\CodeIgniter->handleRequest(NULL, Object(Config\Cache), false)
#12 C:\xamppV8\htdocs\KalbeOPL\public\index.php(67): CodeIgniter\CodeIgniter->run()
#13 C:\xamppV8\htdocs\KalbeOPL\vendor\codeigniter4\framework\system\Commands\Server\rewrite.php(47): require_once('C:\\xamppV8\\htdo...')
#14 {main}
CRITICAL - 2023-02-26 02:58:11 --> Column 'id_distribusi' cannot be null
in SYSTEMPATH\Database\BaseConnection.php on line 645.
 1 SYSTEMPATH\Database\BaseBuilder.php(2294): CodeIgniter\Database\BaseConnection->query('INSERT INTO `opl_trouble_shooting` (`tema`, `tujuan`, `fungsi`, `penjelasan`, `dampak`, `mesin`, `status`, `opl_no`, `pembuat`, `id_distribusi`, `created_at`, `updated_at`) VALUES (:tema:, :tujuan:, :fungsi:, :penjelasan:, :dampak:, :mesin:, :status.3:, :opl_no:, :pembuat.1:, :id_distribusi:, :created_at:, :updated_at:)', [...], false)
 2 SYSTEMPATH\Model.php(329): CodeIgniter\Database\BaseBuilder->insert()
 3 SYSTEMPATH\BaseModel.php(782): CodeIgniter\Model->doInsert([...])
 4 SYSTEMPATH\Model.php(728): CodeIgniter\BaseModel->insert([...], false)
 5 SYSTEMPATH\BaseModel.php(692): CodeIgniter\Model->insert([...], false)
 6 APPPATH\Controllers\troubleshooting.php(757): CodeIgniter\BaseModel->save([...])
 7 SYSTEMPATH\CodeIgniter.php(934): App\Controllers\troubleshooting->save()
 8 SYSTEMPATH\CodeIgniter.php(499): CodeIgniter\CodeIgniter->runController(Object(App\Controllers\troubleshooting))
 9 SYSTEMPATH\CodeIgniter.php(368): CodeIgniter\CodeIgniter->handleRequest(null, Object(Config\Cache), false)
10 FCPATH\index.php(67): CodeIgniter\CodeIgniter->run()
11 SYSTEMPATH\Commands\Server\rewrite.php(47): require_once('FCPATH\\index.php')
ERROR - 2023-02-26 02:58:39 --> mysqli_sql_exception: Column 'id_distribusi' cannot be null in C:\xamppV8\htdocs\KalbeOPL\vendor\codeigniter4\framework\system\Database\MySQLi\Connection.php:295
Stack trace:
#0 C:\xamppV8\htdocs\KalbeOPL\vendor\codeigniter4\framework\system\Database\MySQLi\Connection.php(295): mysqli->query('INSERT INTO `op...', 0)
#1 C:\xamppV8\htdocs\KalbeOPL\vendor\codeigniter4\framework\system\Database\BaseConnection.php(691): CodeIgniter\Database\MySQLi\Connection->execute('INSERT INTO `op...')
#2 C:\xamppV8\htdocs\KalbeOPL\vendor\codeigniter4\framework\system\Database\BaseConnection.php(605): CodeIgniter\Database\BaseConnection->simpleQuery('INSERT INTO `op...')
#3 C:\xamppV8\htdocs\KalbeOPL\vendor\codeigniter4\framework\system\Database\BaseBuilder.php(2294): CodeIgniter\Database\BaseConnection->query('INSERT INTO `op...', Array, false)
#4 C:\xamppV8\htdocs\KalbeOPL\vendor\codeigniter4\framework\system\Model.php(329): CodeIgniter\Database\BaseBuilder->insert()
#5 C:\xamppV8\htdocs\KalbeOPL\vendor\codeigniter4\framework\system\BaseModel.php(782): CodeIgniter\Model->doInsert(Array)
#6 C:\xamppV8\htdocs\KalbeOPL\vendor\codeigniter4\framework\system\Model.php(728): CodeIgniter\BaseModel->insert(Array, false)
#7 C:\xamppV8\htdocs\KalbeOPL\vendor\codeigniter4\framework\system\BaseModel.php(692): CodeIgniter\Model->insert(Array, false)
#8 C:\xamppV8\htdocs\KalbeOPL\app\Controllers\troubleshooting.php(757): CodeIgniter\BaseModel->save(Array)
#9 C:\xamppV8\htdocs\KalbeOPL\vendor\codeigniter4\framework\system\CodeIgniter.php(934): App\Controllers\troubleshooting->save()
#10 C:\xamppV8\htdocs\KalbeOPL\vendor\codeigniter4\framework\system\CodeIgniter.php(499): CodeIgniter\CodeIgniter->runController(Object(App\Controllers\troubleshooting))
#11 C:\xamppV8\htdocs\KalbeOPL\vendor\codeigniter4\framework\system\CodeIgniter.php(368): CodeIgniter\CodeIgniter->handleRequest(NULL, Object(Config\Cache), false)
#12 C:\xamppV8\htdocs\KalbeOPL\public\index.php(67): CodeIgniter\CodeIgniter->run()
#13 C:\xamppV8\htdocs\KalbeOPL\vendor\codeigniter4\framework\system\Commands\Server\rewrite.php(47): require_once('C:\\xamppV8\\htdo...')
#14 {main}
CRITICAL - 2023-02-26 02:58:39 --> Column 'id_distribusi' cannot be null
in SYSTEMPATH\Database\BaseConnection.php on line 645.
 1 SYSTEMPATH\Database\BaseBuilder.php(2294): CodeIgniter\Database\BaseConnection->query('INSERT INTO `opl_trouble_shooting` (`tema`, `tujuan`, `fungsi`, `penjelasan`, `dampak`, `mesin`, `status`, `opl_no`, `pembuat`, `id_distribusi`, `created_at`, `updated_at`) VALUES (:tema:, :tujuan:, :fungsi:, :penjelasan:, :dampak:, :mesin:, :status.3:, :opl_no:, :pembuat.1:, :id_distribusi:, :created_at:, :updated_at:)', [...], false)
 2 SYSTEMPATH\Model.php(329): CodeIgniter\Database\BaseBuilder->insert()
 3 SYSTEMPATH\BaseModel.php(782): CodeIgniter\Model->doInsert([...])
 4 SYSTEMPATH\Model.php(728): CodeIgniter\BaseModel->insert([...], false)
 5 SYSTEMPATH\BaseModel.php(692): CodeIgniter\Model->insert([...], false)
 6 APPPATH\Controllers\troubleshooting.php(757): CodeIgniter\BaseModel->save([...])
 7 SYSTEMPATH\CodeIgniter.php(934): App\Controllers\troubleshooting->save()
 8 SYSTEMPATH\CodeIgniter.php(499): CodeIgniter\CodeIgniter->runController(Object(App\Controllers\troubleshooting))
 9 SYSTEMPATH\CodeIgniter.php(368): CodeIgniter\CodeIgniter->handleRequest(null, Object(Config\Cache), false)
10 FCPATH\index.php(67): CodeIgniter\CodeIgniter->run()
11 SYSTEMPATH\Commands\Server\rewrite.php(47): require_once('FCPATH\\index.php')
CRITICAL - 2023-02-26 03:17:41 --> CodeIgniter\Database\BaseBuilder::like(): Argument #2 ($match) must be of type string, null given, called in C:\xamppV8\htdocs\KalbeOPL\app\Controllers\improvement.php on line 520
in SYSTEMPATH\Database\BaseBuilder.php on line 970.
 1 APPPATH\Controllers\improvement.php(520): CodeIgniter\Database\BaseBuilder->like('opl_improvement.tema', null)
 2 SYSTEMPATH\CodeIgniter.php(934): App\Controllers\improvement->inputList('1')
 3 SYSTEMPATH\CodeIgniter.php(499): CodeIgniter\CodeIgniter->runController(Object(App\Controllers\improvement))
 4 SYSTEMPATH\CodeIgniter.php(368): CodeIgniter\CodeIgniter->handleRequest(null, Object(Config\Cache), false)
 5 FCPATH\index.php(67): CodeIgniter\CodeIgniter->run()
 6 SYSTEMPATH\Commands\Server\rewrite.php(47): require_once('FCPATH\\index.php')
INFO - 2023-02-26 07:19:05 --> Session: Class initialized using 'CodeIgniter\Session\Handlers\FileHandler' driver.
INFO - 2023-02-26 07:19:06 --> Session: Class initialized using 'CodeIgniter\Session\Handlers\FileHandler' driver.
INFO - 2023-02-26 07:19:08 --> Session: Class initialized using 'CodeIgniter\Session\Handlers\FileHandler' driver.
INFO - 2023-02-26 07:19:08 --> Session: Class initialized using 'CodeIgniter\Session\Handlers\FileHandler' driver.
INFO - 2023-02-26 07:19:20 --> Session: Class initialized using 'CodeIgniter\Session\Handlers\FileHandler' driver.
INFO - 2023-02-26 07:19:20 --> Session: Class initialized using 'CodeIgniter\Session\Handlers\FileHandler' driver.
INFO - 2023-02-26 07:19:32 --> Session: Class initialized using 'CodeIgniter\Session\Handlers\FileHandler' driver.
INFO - 2023-02-26 07:19:56 --> Session: Class initialized using 'CodeIgniter\Session\Handlers\FileHandler' driver.
INFO - 2023-02-26 07:19:56 --> Session: Class initialized using 'CodeIgniter\Session\Handlers\FileHandler' driver.
INFO - 2023-02-26 07:20:05 --> Session: Class initialized using 'CodeIgniter\Session\Handlers\FileHandler' driver.
INFO - 2023-02-26 07:20:09 --> Session: Class initialized using 'CodeIgniter\Session\Handlers\FileHandler' driver.
INFO - 2023-02-26 07:20:12 --> Session: Class initialized using 'CodeIgniter\Session\Handlers\FileHandler' driver.
INFO - 2023-02-26 08:08:17 --> Session: Class initialized using 'CodeIgniter\Session\Handlers\FileHandler' driver.
INFO - 2023-02-26 08:21:25 --> Session: Class initialized using 'CodeIgniter\Session\Handlers\FileHandler' driver.
INFO - 2023-02-26 08:21:28 --> Session: Class initialized using 'CodeIgniter\Session\Handlers\FileHandler' driver.
INFO - 2023-02-26 08:22:01 --> Session: Class initialized using 'CodeIgniter\Session\Handlers\FileHandler' driver.
ERROR - 2023-02-26 15:22:01 --> mysqli_sql_exception: Unknown column 'opl_pengetahuan_dasar.realisasi' in 'where clause' in C:\xamppV8\htdocs\KalbeOPL\vendor\codeigniter4\framework\system\Database\MySQLi\Connection.php:295
Stack trace:
#0 C:\xamppV8\htdocs\KalbeOPL\vendor\codeigniter4\framework\system\Database\MySQLi\Connection.php(295): mysqli->query('SELECT `opl_pen...', 0)
#1 C:\xamppV8\htdocs\KalbeOPL\vendor\codeigniter4\framework\system\Database\BaseConnection.php(691): CodeIgniter\Database\MySQLi\Connection->execute('SELECT `opl_pen...')
#2 C:\xamppV8\htdocs\KalbeOPL\vendor\codeigniter4\framework\system\Database\BaseConnection.php(605): CodeIgniter\Database\BaseConnection->simpleQuery('SELECT `opl_pen...')
#3 C:\xamppV8\htdocs\KalbeOPL\vendor\codeigniter4\framework\system\Database\BaseBuilder.php(1601): CodeIgniter\Database\BaseConnection->query('SELECT `opl_pen...', Array, false)
#4 C:\xamppV8\htdocs\KalbeOPL\app\Controllers\PengetahuanDasar.php(1024): CodeIgniter\Database\BaseBuilder->get()
#5 C:\xamppV8\htdocs\KalbeOPL\vendor\codeigniter4\framework\system\CodeIgniter.php(934): App\Controllers\pengetahuandasar->realisasiList()
#6 C:\xamppV8\htdocs\KalbeOPL\vendor\codeigniter4\framework\system\CodeIgniter.php(499): CodeIgniter\CodeIgniter->runController(Object(App\Controllers\pengetahuandasar))
#7 C:\xamppV8\htdocs\KalbeOPL\vendor\codeigniter4\framework\system\CodeIgniter.php(368): CodeIgniter\CodeIgniter->handleRequest(NULL, Object(Config\Cache), false)
#8 C:\xamppV8\htdocs\KalbeOPL\public\index.php(67): CodeIgniter\CodeIgniter->run()
#9 C:\xamppV8\htdocs\KalbeOPL\vendor\codeigniter4\framework\system\Commands\Server\rewrite.php(47): require_once('C:\\xamppV8\\htdo...')
#10 {main}
CRITICAL - 2023-02-26 15:22:01 --> Unknown column 'opl_pengetahuan_dasar.realisasi' in 'where clause'
in SYSTEMPATH\Database\BaseConnection.php on line 645.
 1 SYSTEMPATH\Database\BaseBuilder.php(1601): CodeIgniter\Database\BaseConnection->query('SELECT `opl_pengetahuan_dasar`.*, `distribusi`.`nama_distribusi`, `mesin`.`nama_mesin`
FROM `opl_pengetahuan_dasar`
JOIN `mesin` ON `mesin`.`id` = `opl_pengetahuan_dasar`.`mesin`
JOIN `users` ON `users`.`id` = `opl_pengetahuan_dasar`.`pembuat`
JOIN `auth_groups_users` ON `auth_groups_users`.`user_id` = `users`.`id`
JOIN `auth_groups` ON `auth_groups`.`id` = `auth_groups_users`.`group_id`
JOIN `distribusi` ON `distribusi`.`id` = `opl_pengetahuan_dasar`.`id_distribusi`
WHERE `opl_pengetahuan_dasar`.`id_distribusi` = :opl_pengetahuan_dasar.id_distribusi:
AND `opl_pengetahuan_dasar`.`realisasi` = :opl_pengetahuan_dasar.realisasi:
ORDER BY `opl_pengetahuan_dasar`.`created_at` DESC', [...], false)
 2 APPPATH\Controllers\PengetahuanDasar.php(1024): CodeIgniter\Database\BaseBuilder->get()
 3 SYSTEMPATH\CodeIgniter.php(934): App\Controllers\pengetahuandasar->realisasiList()
 4 SYSTEMPATH\CodeIgniter.php(499): CodeIgniter\CodeIgniter->runController(Object(App\Controllers\pengetahuandasar))
 5 SYSTEMPATH\CodeIgniter.php(368): CodeIgniter\CodeIgniter->handleRequest(null, Object(Config\Cache), false)
 6 FCPATH\index.php(67): CodeIgniter\CodeIgniter->run()
 7 SYSTEMPATH\Commands\Server\rewrite.php(47): require_once('FCPATH\\index.php')
INFO - 2023-02-26 08:23:14 --> Session: Class initialized using 'CodeIgniter\Session\Handlers\FileHandler' driver.
INFO - 2023-02-26 08:23:16 --> Session: Class initialized using 'CodeIgniter\Session\Handlers\FileHandler' driver.
ERROR - 2023-02-26 15:23:16 --> mysqli_sql_exception: Unknown column 'opl_improvement.realisasi' in 'where clause' in C:\xamppV8\htdocs\KalbeOPL\vendor\codeigniter4\framework\system\Database\MySQLi\Connection.php:295
Stack trace:
#0 C:\xamppV8\htdocs\KalbeOPL\vendor\codeigniter4\framework\system\Database\MySQLi\Connection.php(295): mysqli->query('SELECT `opl_imp...', 0)
#1 C:\xamppV8\htdocs\KalbeOPL\vendor\codeigniter4\framework\system\Database\BaseConnection.php(691): CodeIgniter\Database\MySQLi\Connection->execute('SELECT `opl_imp...')
#2 C:\xamppV8\htdocs\KalbeOPL\vendor\codeigniter4\framework\system\Database\BaseConnection.php(605): CodeIgniter\Database\BaseConnection->simpleQuery('SELECT `opl_imp...')
#3 C:\xamppV8\htdocs\KalbeOPL\vendor\codeigniter4\framework\system\Database\BaseBuilder.php(1601): CodeIgniter\Database\BaseConnection->query('SELECT `opl_imp...', Array, false)
#4 C:\xamppV8\htdocs\KalbeOPL\app\Controllers\improvement.php(1023): CodeIgniter\Database\BaseBuilder->get()
#5 C:\xamppV8\htdocs\KalbeOPL\vendor\codeigniter4\framework\system\CodeIgniter.php(934): App\Controllers\improvement->realisasiList()
#6 C:\xamppV8\htdocs\KalbeOPL\vendor\codeigniter4\framework\system\CodeIgniter.php(499): CodeIgniter\CodeIgniter->runController(Object(App\Controllers\improvement))
#7 C:\xamppV8\htdocs\KalbeOPL\vendor\codeigniter4\framework\system\CodeIgniter.php(368): CodeIgniter\CodeIgniter->handleRequest(NULL, Object(Config\Cache), false)
#8 C:\xamppV8\htdocs\KalbeOPL\public\index.php(67): CodeIgniter\CodeIgniter->run()
#9 C:\xamppV8\htdocs\KalbeOPL\vendor\codeigniter4\framework\system\Commands\Server\rewrite.php(47): require_once('C:\\xamppV8\\htdo...')
#10 {main}
CRITICAL - 2023-02-26 15:23:16 --> Unknown column 'opl_improvement.realisasi' in 'where clause'
in SYSTEMPATH\Database\BaseConnection.php on line 645.
 1 SYSTEMPATH\Database\BaseBuilder.php(1601): CodeIgniter\Database\BaseConnection->query('SELECT `opl_improvement`.*, `distribusi`.`nama_distribusi`, `mesin`.`nama_mesin`
FROM `opl_improvement`
JOIN `mesin` ON `mesin`.`id` = `opl_improvement`.`mesin`
JOIN `users` ON `users`.`id` = `opl_improvement`.`pembuat`
JOIN `auth_groups_users` ON `auth_groups_users`.`user_id` = `users`.`id`
JOIN `auth_groups` ON `auth_groups`.`id` = `auth_groups_users`.`group_id`
JOIN `distribusi` ON `distribusi`.`id` = `opl_improvement`.`id_distribusi`
WHERE `opl_improvement`.`id_distribusi` = :opl_improvement.id_distribusi:
AND `opl_improvement`.`realisasi` = :opl_improvement.realisasi:
ORDER BY `opl_improvement`.`created_at` DESC', [...], false)
 2 APPPATH\Controllers\improvement.php(1023): CodeIgniter\Database\BaseBuilder->get()
 3 SYSTEMPATH\CodeIgniter.php(934): App\Controllers\improvement->realisasiList()
 4 SYSTEMPATH\CodeIgniter.php(499): CodeIgniter\CodeIgniter->runController(Object(App\Controllers\improvement))
 5 SYSTEMPATH\CodeIgniter.php(368): CodeIgniter\CodeIgniter->handleRequest(null, Object(Config\Cache), false)
 6 FCPATH\index.php(67): CodeIgniter\CodeIgniter->run()
 7 SYSTEMPATH\Commands\Server\rewrite.php(47): require_once('FCPATH\\index.php')
INFO - 2023-02-26 08:23:19 --> Session: Class initialized using 'CodeIgniter\Session\Handlers\FileHandler' driver.
INFO - 2023-02-26 08:23:20 --> Session: Class initialized using 'CodeIgniter\Session\Handlers\FileHandler' driver.
ERROR - 2023-02-26 15:23:20 --> mysqli_sql_exception: Table 'kalbe.realisasi_ts' doesn't exist in C:\xamppV8\htdocs\KalbeOPL\vendor\codeigniter4\framework\system\Database\MySQLi\Connection.php:295
Stack trace:
#0 C:\xamppV8\htdocs\KalbeOPL\vendor\codeigniter4\framework\system\Database\MySQLi\Connection.php(295): mysqli->query('SELECT *\nFROM `...', 0)
#1 C:\xamppV8\htdocs\KalbeOPL\vendor\codeigniter4\framework\system\Database\BaseConnection.php(691): CodeIgniter\Database\MySQLi\Connection->execute('SELECT *\nFROM `...')
#2 C:\xamppV8\htdocs\KalbeOPL\vendor\codeigniter4\framework\system\Database\BaseConnection.php(605): CodeIgniter\Database\BaseConnection->simpleQuery('SELECT *\nFROM `...')
#3 C:\xamppV8\htdocs\KalbeOPL\vendor\codeigniter4\framework\system\Database\BaseBuilder.php(1734): CodeIgniter\Database\BaseConnection->query('SELECT *\nFROM `...', Array, false)
#4 C:\xamppV8\htdocs\KalbeOPL\app\Controllers\troubleshooting.php(984): CodeIgniter\Database\BaseBuilder->getWhere(Array)
#5 C:\xamppV8\htdocs\KalbeOPL\vendor\codeigniter4\framework\system\CodeIgniter.php(934): App\Controllers\troubleshooting->realisasiList()
#6 C:\xamppV8\htdocs\KalbeOPL\vendor\codeigniter4\framework\system\CodeIgniter.php(499): CodeIgniter\CodeIgniter->runController(Object(App\Controllers\troubleshooting))
#7 C:\xamppV8\htdocs\KalbeOPL\vendor\codeigniter4\framework\system\CodeIgniter.php(368): CodeIgniter\CodeIgniter->handleRequest(NULL, Object(Config\Cache), false)
#8 C:\xamppV8\htdocs\KalbeOPL\public\index.php(67): CodeIgniter\CodeIgniter->run()
#9 C:\xamppV8\htdocs\KalbeOPL\vendor\codeigniter4\framework\system\Commands\Server\rewrite.php(47): require_once('C:\\xamppV8\\htdo...')
#10 {main}
CRITICAL - 2023-02-26 15:23:20 --> Table 'kalbe.realisasi_ts' doesn't exist
in SYSTEMPATH\Database\BaseConnection.php on line 645.
 1 SYSTEMPATH\Database\BaseBuilder.php(1734): CodeIgniter\Database\BaseConnection->query('SELECT *
FROM `realisasi_ts`
WHERE `id_trainee` = :id_trainee:', [...], false)
 2 APPPATH\Controllers\troubleshooting.php(984): CodeIgniter\Database\BaseBuilder->getWhere([...])
 3 SYSTEMPATH\CodeIgniter.php(934): App\Controllers\troubleshooting->realisasiList()
 4 SYSTEMPATH\CodeIgniter.php(499): CodeIgniter\CodeIgniter->runController(Object(App\Controllers\troubleshooting))
 5 SYSTEMPATH\CodeIgniter.php(368): CodeIgniter\CodeIgniter->handleRequest(null, Object(Config\Cache), false)
 6 FCPATH\index.php(67): CodeIgniter\CodeIgniter->run()
 7 SYSTEMPATH\Commands\Server\rewrite.php(47): require_once('FCPATH\\index.php')
INFO - 2023-02-26 08:23:24 --> Session: Class initialized using 'CodeIgniter\Session\Handlers\FileHandler' driver.
INFO - 2023-02-26 08:29:19 --> Session: Class initialized using 'CodeIgniter\Session\Handlers\FileHandler' driver.
INFO - 2023-02-26 08:29:22 --> Session: Class initialized using 'CodeIgniter\Session\Handlers\FileHandler' driver.
INFO - 2023-02-26 08:29:24 --> Session: Class initialized using 'CodeIgniter\Session\Handlers\FileHandler' driver.
INFO - 2023-02-26 08:29:26 --> Session: Class initialized using 'CodeIgniter\Session\Handlers\FileHandler' driver.
INFO - 2023-02-26 08:29:28 --> Session: Class initialized using 'CodeIgniter\Session\Handlers\FileHandler' driver.
INFO - 2023-02-26 08:29:31 --> Session: Class initialized using 'CodeIgniter\Session\Handlers\FileHandler' driver.
INFO - 2023-02-26 08:29:33 --> Session: Class initialized using 'CodeIgniter\Session\Handlers\FileHandler' driver.
INFO - 2023-02-26 08:29:35 --> Session: Class initialized using 'CodeIgniter\Session\Handlers\FileHandler' driver.
INFO - 2023-02-26 08:29:37 --> Session: Class initialized using 'CodeIgniter\Session\Handlers\FileHandler' driver.
INFO - 2023-02-26 08:29:39 --> Session: Class initialized using 'CodeIgniter\Session\Handlers\FileHandler' driver.
INFO - 2023-02-26 08:29:42 --> Session: Class initialized using 'CodeIgniter\Session\Handlers\FileHandler' driver.
INFO - 2023-02-26 08:29:44 --> Session: Class initialized using 'CodeIgniter\Session\Handlers\FileHandler' driver.
INFO - 2023-02-26 08:29:50 --> Session: Class initialized using 'CodeIgniter\Session\Handlers\FileHandler' driver.
INFO - 2023-02-26 08:29:52 --> Session: Class initialized using 'CodeIgniter\Session\Handlers\FileHandler' driver.
INFO - 2023-02-26 08:30:00 --> Session: Class initialized using 'CodeIgniter\Session\Handlers\FileHandler' driver.
INFO - 2023-02-26 08:30:11 --> Session: Class initialized using 'CodeIgniter\Session\Handlers\FileHandler' driver.
INFO - 2023-02-26 08:30:29 --> Session: Class initialized using 'CodeIgniter\Session\Handlers\FileHandler' driver.
INFO - 2023-02-26 08:30:32 --> Session: Class initialized using 'CodeIgniter\Session\Handlers\FileHandler' driver.
INFO - 2023-02-26 08:30:34 --> Session: Class initialized using 'CodeIgniter\Session\Handlers\FileHandler' driver.
INFO - 2023-02-26 08:30:36 --> Session: Class initialized using 'CodeIgniter\Session\Handlers\FileHandler' driver.
INFO - 2023-02-26 08:30:41 --> Session: Class initialized using 'CodeIgniter\Session\Handlers\FileHandler' driver.
INFO - 2023-02-26 08:30:43 --> Session: Class initialized using 'CodeIgniter\Session\Handlers\FileHandler' driver.
INFO - 2023-02-26 08:30:45 --> Session: Class initialized using 'CodeIgniter\Session\Handlers\FileHandler' driver.
INFO - 2023-02-26 08:30:47 --> Session: Class initialized using 'CodeIgniter\Session\Handlers\FileHandler' driver.
INFO - 2023-02-26 08:30:48 --> Session: Class initialized using 'CodeIgniter\Session\Handlers\FileHandler' driver.
INFO - 2023-02-26 08:30:50 --> Session: Class initialized using 'CodeIgniter\Session\Handlers\FileHandler' driver.
INFO - 2023-02-26 08:30:52 --> Session: Class initialized using 'CodeIgniter\Session\Handlers\FileHandler' driver.
INFO - 2023-02-26 08:30:55 --> Session: Class initialized using 'CodeIgniter\Session\Handlers\FileHandler' driver.
INFO - 2023-02-26 08:30:58 --> Session: Class initialized using 'CodeIgniter\Session\Handlers\FileHandler' driver.
INFO - 2023-02-26 08:31:01 --> Session: Class initialized using 'CodeIgniter\Session\Handlers\FileHandler' driver.
INFO - 2023-02-26 08:31:05 --> Session: Class initialized using 'CodeIgniter\Session\Handlers\FileHandler' driver.
INFO - 2023-02-26 08:34:35 --> Session: Class initialized using 'CodeIgniter\Session\Handlers\FileHandler' driver.
INFO - 2023-02-26 08:34:37 --> Session: Class initialized using 'CodeIgniter\Session\Handlers\FileHandler' driver.
INFO - 2023-02-26 08:34:41 --> Session: Class initialized using 'CodeIgniter\Session\Handlers\FileHandler' driver.
INFO - 2023-02-26 08:36:13 --> Session: Class initialized using 'CodeIgniter\Session\Handlers\FileHandler' driver.
INFO - 2023-02-26 08:36:57 --> Session: Class initialized using 'CodeIgniter\Session\Handlers\FileHandler' driver.
INFO - 2023-02-26 08:37:07 --> Session: Class initialized using 'CodeIgniter\Session\Handlers\FileHandler' driver.
INFO - 2023-02-26 08:37:16 --> Session: Class initialized using 'CodeIgniter\Session\Handlers\FileHandler' driver.
INFO - 2023-02-26 08:38:33 --> Session: Class initialized using 'CodeIgniter\Session\Handlers\FileHandler' driver.
INFO - 2023-02-26 08:38:38 --> Session: Class initialized using 'CodeIgniter\Session\Handlers\FileHandler' driver.
INFO - 2023-02-26 08:39:01 --> Session: Class initialized using 'CodeIgniter\Session\Handlers\FileHandler' driver.
INFO - 2023-02-26 08:39:20 --> Session: Class initialized using 'CodeIgniter\Session\Handlers\FileHandler' driver.
INFO - 2023-02-26 08:39:29 --> Session: Class initialized using 'CodeIgniter\Session\Handlers\FileHandler' driver.
INFO - 2023-02-26 08:39:37 --> Session: Class initialized using 'CodeIgniter\Session\Handlers\FileHandler' driver.
INFO - 2023-02-26 08:39:49 --> Session: Class initialized using 'CodeIgniter\Session\Handlers\FileHandler' driver.
INFO - 2023-02-26 08:40:12 --> Session: Class initialized using 'CodeIgniter\Session\Handlers\FileHandler' driver.
INFO - 2023-02-26 08:40:35 --> Session: Class initialized using 'CodeIgniter\Session\Handlers\FileHandler' driver.
INFO - 2023-02-26 08:40:48 --> Session: Class initialized using 'CodeIgniter\Session\Handlers\FileHandler' driver.
INFO - 2023-02-26 08:41:56 --> Session: Class initialized using 'CodeIgniter\Session\Handlers\FileHandler' driver.
INFO - 2023-02-26 08:42:00 --> Session: Class initialized using 'CodeIgniter\Session\Handlers\FileHandler' driver.
INFO - 2023-02-26 08:42:04 --> Session: Class initialized using 'CodeIgniter\Session\Handlers\FileHandler' driver.
INFO - 2023-02-26 08:45:15 --> Session: Class initialized using 'CodeIgniter\Session\Handlers\FileHandler' driver.
INFO - 2023-02-26 08:45:43 --> Session: Class initialized using 'CodeIgniter\Session\Handlers\FileHandler' driver.
INFO - 2023-02-26 08:46:06 --> Session: Class initialized using 'CodeIgniter\Session\Handlers\FileHandler' driver.
INFO - 2023-02-26 08:46:12 --> Session: Class initialized using 'CodeIgniter\Session\Handlers\FileHandler' driver.
INFO - 2023-02-26 08:46:18 --> Session: Class initialized using 'CodeIgniter\Session\Handlers\FileHandler' driver.
INFO - 2023-02-26 08:46:40 --> Session: Class initialized using 'CodeIgniter\Session\Handlers\FileHandler' driver.
INFO - 2023-02-26 08:46:55 --> Session: Class initialized using 'CodeIgniter\Session\Handlers\FileHandler' driver.
INFO - 2023-02-26 08:47:28 --> Session: Class initialized using 'CodeIgniter\Session\Handlers\FileHandler' driver.
INFO - 2023-02-26 08:48:13 --> Session: Class initialized using 'CodeIgniter\Session\Handlers\FileHandler' driver.
INFO - 2023-02-26 08:48:28 --> Session: Class initialized using 'CodeIgniter\Session\Handlers\FileHandler' driver.
INFO - 2023-02-26 08:49:35 --> Session: Class initialized using 'CodeIgniter\Session\Handlers\FileHandler' driver.
INFO - 2023-02-26 08:49:44 --> Session: Class initialized using 'CodeIgniter\Session\Handlers\FileHandler' driver.
INFO - 2023-02-26 08:49:58 --> Session: Class initialized using 'CodeIgniter\Session\Handlers\FileHandler' driver.
INFO - 2023-02-26 08:50:04 --> Session: Class initialized using 'CodeIgniter\Session\Handlers\FileHandler' driver.
INFO - 2023-02-26 08:50:25 --> Session: Class initialized using 'CodeIgniter\Session\Handlers\FileHandler' driver.
INFO - 2023-02-26 08:50:47 --> Session: Class initialized using 'CodeIgniter\Session\Handlers\FileHandler' driver.
INFO - 2023-02-26 08:51:02 --> Session: Class initialized using 'CodeIgniter\Session\Handlers\FileHandler' driver.
INFO - 2023-02-26 08:51:06 --> Session: Class initialized using 'CodeIgniter\Session\Handlers\FileHandler' driver.
INFO - 2023-02-26 08:55:38 --> Session: Class initialized using 'CodeIgniter\Session\Handlers\FileHandler' driver.
INFO - 2023-02-26 09:01:06 --> Session: Class initialized using 'CodeIgniter\Session\Handlers\FileHandler' driver.
INFO - 2023-02-26 09:01:26 --> Session: Class initialized using 'CodeIgniter\Session\Handlers\FileHandler' driver.
INFO - 2023-02-26 17:27:40 --> Session: Class initialized using 'CodeIgniter\Session\Handlers\FileHandler' driver.
INFO - 2023-02-26 17:27:40 --> Session: Class initialized using 'CodeIgniter\Session\Handlers\FileHandler' driver.
INFO - 2023-02-26 17:30:18 --> Session: Class initialized using 'CodeIgniter\Session\Handlers\FileHandler' driver.
INFO - 2023-02-26 17:30:24 --> Session: Class initialized using 'CodeIgniter\Session\Handlers\FileHandler' driver.
