INFO - 2023-03-09 01:07:16 --> Session: Class initialized using 'CodeIgniter\Session\Handlers\FileHandler' driver.
INFO - 2023-03-09 01:07:16 --> Session: Class initialized using 'CodeIgniter\Session\Handlers\FileHandler' driver.
INFO - 2023-03-09 01:15:20 --> Session: Class initialized using 'CodeIgniter\Session\Handlers\FileHandler' driver.
INFO - 2023-03-09 01:15:21 --> Session: Class initialized using 'CodeIgniter\Session\Handlers\FileHandler' driver.
INFO - 2023-03-09 01:16:19 --> Session: Class initialized using 'CodeIgniter\Session\Handlers\FileHandler' driver.
INFO - 2023-03-09 01:17:15 --> Session: Class initialized using 'CodeIgniter\Session\Handlers\FileHandler' driver.
INFO - 2023-03-09 01:17:19 --> Session: Class initialized using 'CodeIgniter\Session\Handlers\FileHandler' driver.
INFO - 2023-03-09 01:17:31 --> Session: Class initialized using 'CodeIgniter\Session\Handlers\FileHandler' driver.
INFO - 2023-03-09 01:17:31 --> Session: Class initialized using 'CodeIgniter\Session\Handlers\FileHandler' driver.
INFO - 2023-03-09 01:17:31 --> Session: Class initialized using 'CodeIgniter\Session\Handlers\FileHandler' driver.
INFO - 2023-03-09 01:17:34 --> Session: Class initialized using 'CodeIgniter\Session\Handlers\FileHandler' driver.
INFO - 2023-03-09 01:17:34 --> Session: Class initialized using 'CodeIgniter\Session\Handlers\FileHandler' driver.
INFO - 2023-03-09 01:17:45 --> Session: Class initialized using 'CodeIgniter\Session\Handlers\FileHandler' driver.
INFO - 2023-03-09 01:17:53 --> Session: Class initialized using 'CodeIgniter\Session\Handlers\FileHandler' driver.
INFO - 2023-03-09 01:17:58 --> Session: Class initialized using 'CodeIgniter\Session\Handlers\FileHandler' driver.
INFO - 2023-03-09 01:18:03 --> Session: Class initialized using 'CodeIgniter\Session\Handlers\FileHandler' driver.
INFO - 2023-03-09 01:18:07 --> Session: Class initialized using 'CodeIgniter\Session\Handlers\FileHandler' driver.
INFO - 2023-03-09 01:18:09 --> Session: Class initialized using 'CodeIgniter\Session\Handlers\FileHandler' driver.
INFO - 2023-03-09 01:18:16 --> Session: Class initialized using 'CodeIgniter\Session\Handlers\FileHandler' driver.
INFO - 2023-03-09 01:18:23 --> Session: Class initialized using 'CodeIgniter\Session\Handlers\FileHandler' driver.
INFO - 2023-03-09 01:18:30 --> Session: Class initialized using 'CodeIgniter\Session\Handlers\FileHandler' driver.
INFO - 2023-03-09 01:18:59 --> Session: Class initialized using 'CodeIgniter\Session\Handlers\FileHandler' driver.
INFO - 2023-03-09 01:19:08 --> Session: Class initialized using 'CodeIgniter\Session\Handlers\FileHandler' driver.
INFO - 2023-03-09 01:19:12 --> Session: Class initialized using 'CodeIgniter\Session\Handlers\FileHandler' driver.
INFO - 2023-03-09 01:19:19 --> Session: Class initialized using 'CodeIgniter\Session\Handlers\FileHandler' driver.
INFO - 2023-03-09 01:19:21 --> Session: Class initialized using 'CodeIgniter\Session\Handlers\FileHandler' driver.
INFO - 2023-03-09 01:19:24 --> Session: Class initialized using 'CodeIgniter\Session\Handlers\FileHandler' driver.
INFO - 2023-03-09 01:19:48 --> Session: Class initialized using 'CodeIgniter\Session\Handlers\FileHandler' driver.
INFO - 2023-03-09 01:19:54 --> Session: Class initialized using 'CodeIgniter\Session\Handlers\FileHandler' driver.
INFO - 2023-03-09 01:19:57 --> Session: Class initialized using 'CodeIgniter\Session\Handlers\FileHandler' driver.
INFO - 2023-03-09 01:23:42 --> Session: Class initialized using 'CodeIgniter\Session\Handlers\FileHandler' driver.
INFO - 2023-03-09 01:24:24 --> Session: Class initialized using 'CodeIgniter\Session\Handlers\FileHandler' driver.
INFO - 2023-03-09 01:24:27 --> Session: Class initialized using 'CodeIgniter\Session\Handlers\FileHandler' driver.
INFO - 2023-03-09 01:24:35 --> Session: Class initialized using 'CodeIgniter\Session\Handlers\FileHandler' driver.
INFO - 2023-03-09 01:24:54 --> Session: Class initialized using 'CodeIgniter\Session\Handlers\FileHandler' driver.
INFO - 2023-03-09 01:25:07 --> Session: Class initialized using 'CodeIgniter\Session\Handlers\FileHandler' driver.
INFO - 2023-03-09 01:25:07 --> Session: Class initialized using 'CodeIgniter\Session\Handlers\FileHandler' driver.
INFO - 2023-03-09 01:25:07 --> Session: Class initialized using 'CodeIgniter\Session\Handlers\FileHandler' driver.
INFO - 2023-03-09 01:25:09 --> Session: Class initialized using 'CodeIgniter\Session\Handlers\FileHandler' driver.
INFO - 2023-03-09 01:25:09 --> Session: Class initialized using 'CodeIgniter\Session\Handlers\FileHandler' driver.
INFO - 2023-03-09 01:35:10 --> Session: Class initialized using 'CodeIgniter\Session\Handlers\FileHandler' driver.
CRITICAL - 2023-03-09 08:35:10 --> foreach() argument must be of type array|object, null given
in APPPATH\Views\dashboard.php on line 211.
 1 APPPATH\Views\dashboard.php(211): CodeIgniter\Debug\Exceptions->errorHandler(2, 'foreach() argument must be of type array|object, null given', 'APPPATH\\Views\\dashboard.php', 211)
 2 SYSTEMPATH\View\View.php(213): include('APPPATH\\Views\\dashboard.php')
 3 SYSTEMPATH\View\View.php(216): CodeIgniter\View\View->CodeIgniter\View\{closure}()
 4 SYSTEMPATH\Common.php(1177): CodeIgniter\View\View->render('dashboard', [], true)
 5 APPPATH\Controllers\Users.php(249): view('dashboard', [...])
 6 SYSTEMPATH\CodeIgniter.php(934): App\Controllers\Users->index()
 7 SYSTEMPATH\CodeIgniter.php(499): CodeIgniter\CodeIgniter->runController(Object(App\Controllers\Users))
 8 SYSTEMPATH\CodeIgniter.php(368): CodeIgniter\CodeIgniter->handleRequest(null, Object(Config\Cache), false)
 9 FCPATH\index.php(67): CodeIgniter\CodeIgniter->run()
10 SYSTEMPATH\Commands\Server\rewrite.php(47): require_once('FCPATH\\index.php')
INFO - 2023-03-09 01:36:12 --> Session: Class initialized using 'CodeIgniter\Session\Handlers\FileHandler' driver.
CRITICAL - 2023-03-09 08:36:12 --> foreach() argument must be of type array|object, null given
in APPPATH\Views\dashboard.php on line 231.
 1 APPPATH\Views\dashboard.php(231): CodeIgniter\Debug\Exceptions->errorHandler(2, 'foreach() argument must be of type array|object, null given', 'APPPATH\\Views\\dashboard.php', 231)
 2 SYSTEMPATH\View\View.php(213): include('APPPATH\\Views\\dashboard.php')
 3 SYSTEMPATH\View\View.php(216): CodeIgniter\View\View->CodeIgniter\View\{closure}()
 4 SYSTEMPATH\Common.php(1177): CodeIgniter\View\View->render('dashboard', [], true)
 5 APPPATH\Controllers\Users.php(249): view('dashboard', [...])
 6 SYSTEMPATH\CodeIgniter.php(934): App\Controllers\Users->index()
 7 SYSTEMPATH\CodeIgniter.php(499): CodeIgniter\CodeIgniter->runController(Object(App\Controllers\Users))
 8 SYSTEMPATH\CodeIgniter.php(368): CodeIgniter\CodeIgniter->handleRequest(null, Object(Config\Cache), false)
 9 FCPATH\index.php(67): CodeIgniter\CodeIgniter->run()
10 SYSTEMPATH\Commands\Server\rewrite.php(47): require_once('FCPATH\\index.php')
INFO - 2023-03-09 01:40:13 --> Session: Class initialized using 'CodeIgniter\Session\Handlers\FileHandler' driver.
INFO - 2023-03-09 01:40:37 --> Session: Class initialized using 'CodeIgniter\Session\Handlers\FileHandler' driver.
INFO - 2023-03-09 01:42:06 --> Session: Class initialized using 'CodeIgniter\Session\Handlers\FileHandler' driver.
INFO - 2023-03-09 01:47:52 --> Session: Class initialized using 'CodeIgniter\Session\Handlers\FileHandler' driver.
ERROR - 2023-03-09 08:47:52 --> mysqli_sql_exception: Unknown column 'nama-distribusi' in 'field list' in C:\xamppV8\htdocs\KalbeOPL\vendor\codeigniter4\framework\system\Database\MySQLi\Connection.php:295
Stack trace:
#0 C:\xamppV8\htdocs\KalbeOPL\vendor\codeigniter4\framework\system\Database\MySQLi\Connection.php(295): mysqli->query('SELECT `id`, `n...', 0)
#1 C:\xamppV8\htdocs\KalbeOPL\vendor\codeigniter4\framework\system\Database\BaseConnection.php(691): CodeIgniter\Database\MySQLi\Connection->execute('SELECT `id`, `n...')
#2 C:\xamppV8\htdocs\KalbeOPL\vendor\codeigniter4\framework\system\Database\BaseConnection.php(605): CodeIgniter\Database\BaseConnection->simpleQuery('SELECT `id`, `n...')
#3 C:\xamppV8\htdocs\KalbeOPL\vendor\codeigniter4\framework\system\Database\BaseBuilder.php(1601): CodeIgniter\Database\BaseConnection->query('SELECT `id`, `n...', Array, false)
#4 C:\xamppV8\htdocs\KalbeOPL\app\Controllers\Users.php(55): CodeIgniter\Database\BaseBuilder->get()
#5 C:\xamppV8\htdocs\KalbeOPL\vendor\codeigniter4\framework\system\CodeIgniter.php(934): App\Controllers\Users->index()
#6 C:\xamppV8\htdocs\KalbeOPL\vendor\codeigniter4\framework\system\CodeIgniter.php(499): CodeIgniter\CodeIgniter->runController(Object(App\Controllers\Users))
#7 C:\xamppV8\htdocs\KalbeOPL\vendor\codeigniter4\framework\system\CodeIgniter.php(368): CodeIgniter\CodeIgniter->handleRequest(NULL, Object(Config\Cache), false)
#8 C:\xamppV8\htdocs\KalbeOPL\public\index.php(67): CodeIgniter\CodeIgniter->run()
#9 C:\xamppV8\htdocs\KalbeOPL\vendor\codeigniter4\framework\system\Commands\Server\rewrite.php(47): require_once('C:\\xamppV8\\htdo...')
#10 {main}
CRITICAL - 2023-03-09 08:47:52 --> Unknown column 'nama-distribusi' in 'field list'
in SYSTEMPATH\Database\BaseConnection.php on line 645.
 1 SYSTEMPATH\Database\BaseBuilder.php(1601): CodeIgniter\Database\BaseConnection->query('SELECT `id`, `nama-distribusi`
FROM `users`
WHERE `id` = :id:
ORDER BY `nama_distribusi`', [...], false)
 2 APPPATH\Controllers\Users.php(55): CodeIgniter\Database\BaseBuilder->get()
 3 SYSTEMPATH\CodeIgniter.php(934): App\Controllers\Users->index()
 4 SYSTEMPATH\CodeIgniter.php(499): CodeIgniter\CodeIgniter->runController(Object(App\Controllers\Users))
 5 SYSTEMPATH\CodeIgniter.php(368): CodeIgniter\CodeIgniter->handleRequest(null, Object(Config\Cache), false)
 6 FCPATH\index.php(67): CodeIgniter\CodeIgniter->run()
 7 SYSTEMPATH\Commands\Server\rewrite.php(47): require_once('FCPATH\\index.php')
INFO - 2023-03-09 01:48:07 --> Session: Class initialized using 'CodeIgniter\Session\Handlers\FileHandler' driver.
ERROR - 2023-03-09 08:48:07 --> mysqli_sql_exception: Unknown column 'nama_distribusi' in 'field list' in C:\xamppV8\htdocs\KalbeOPL\vendor\codeigniter4\framework\system\Database\MySQLi\Connection.php:295
Stack trace:
#0 C:\xamppV8\htdocs\KalbeOPL\vendor\codeigniter4\framework\system\Database\MySQLi\Connection.php(295): mysqli->query('SELECT `id`, `n...', 0)
#1 C:\xamppV8\htdocs\KalbeOPL\vendor\codeigniter4\framework\system\Database\BaseConnection.php(691): CodeIgniter\Database\MySQLi\Connection->execute('SELECT `id`, `n...')
#2 C:\xamppV8\htdocs\KalbeOPL\vendor\codeigniter4\framework\system\Database\BaseConnection.php(605): CodeIgniter\Database\BaseConnection->simpleQuery('SELECT `id`, `n...')
#3 C:\xamppV8\htdocs\KalbeOPL\vendor\codeigniter4\framework\system\Database\BaseBuilder.php(1601): CodeIgniter\Database\BaseConnection->query('SELECT `id`, `n...', Array, false)
#4 C:\xamppV8\htdocs\KalbeOPL\app\Controllers\Users.php(55): CodeIgniter\Database\BaseBuilder->get()
#5 C:\xamppV8\htdocs\KalbeOPL\vendor\codeigniter4\framework\system\CodeIgniter.php(934): App\Controllers\Users->index()
#6 C:\xamppV8\htdocs\KalbeOPL\vendor\codeigniter4\framework\system\CodeIgniter.php(499): CodeIgniter\CodeIgniter->runController(Object(App\Controllers\Users))
#7 C:\xamppV8\htdocs\KalbeOPL\vendor\codeigniter4\framework\system\CodeIgniter.php(368): CodeIgniter\CodeIgniter->handleRequest(NULL, Object(Config\Cache), false)
#8 C:\xamppV8\htdocs\KalbeOPL\public\index.php(67): CodeIgniter\CodeIgniter->run()
#9 C:\xamppV8\htdocs\KalbeOPL\vendor\codeigniter4\framework\system\Commands\Server\rewrite.php(47): require_once('C:\\xamppV8\\htdo...')
#10 {main}
CRITICAL - 2023-03-09 08:48:07 --> Unknown column 'nama_distribusi' in 'field list'
in SYSTEMPATH\Database\BaseConnection.php on line 645.
 1 SYSTEMPATH\Database\BaseBuilder.php(1601): CodeIgniter\Database\BaseConnection->query('SELECT `id`, `nama_distribusi`
FROM `users`
WHERE `id` = :id:
ORDER BY `nama_distribusi`', [...], false)
 2 APPPATH\Controllers\Users.php(55): CodeIgniter\Database\BaseBuilder->get()
 3 SYSTEMPATH\CodeIgniter.php(934): App\Controllers\Users->index()
 4 SYSTEMPATH\CodeIgniter.php(499): CodeIgniter\CodeIgniter->runController(Object(App\Controllers\Users))
 5 SYSTEMPATH\CodeIgniter.php(368): CodeIgniter\CodeIgniter->handleRequest(null, Object(Config\Cache), false)
 6 FCPATH\index.php(67): CodeIgniter\CodeIgniter->run()
 7 SYSTEMPATH\Commands\Server\rewrite.php(47): require_once('FCPATH\\index.php')
INFO - 2023-03-09 01:49:49 --> Session: Class initialized using 'CodeIgniter\Session\Handlers\FileHandler' driver.
ERROR - 2023-03-09 08:49:49 --> mysqli_sql_exception: Unknown column 'nama_distribusi' in 'order clause' in C:\xamppV8\htdocs\KalbeOPL\vendor\codeigniter4\framework\system\Database\MySQLi\Connection.php:295
Stack trace:
#0 C:\xamppV8\htdocs\KalbeOPL\vendor\codeigniter4\framework\system\Database\MySQLi\Connection.php(295): mysqli->query('SELECT *\nFROM `...', 0)
#1 C:\xamppV8\htdocs\KalbeOPL\vendor\codeigniter4\framework\system\Database\BaseConnection.php(691): CodeIgniter\Database\MySQLi\Connection->execute('SELECT *\nFROM `...')
#2 C:\xamppV8\htdocs\KalbeOPL\vendor\codeigniter4\framework\system\Database\BaseConnection.php(605): CodeIgniter\Database\BaseConnection->simpleQuery('SELECT *\nFROM `...')
#3 C:\xamppV8\htdocs\KalbeOPL\vendor\codeigniter4\framework\system\Database\BaseBuilder.php(1601): CodeIgniter\Database\BaseConnection->query('SELECT *\nFROM `...', Array, false)
#4 C:\xamppV8\htdocs\KalbeOPL\app\Controllers\Users.php(55): CodeIgniter\Database\BaseBuilder->get()
#5 C:\xamppV8\htdocs\KalbeOPL\vendor\codeigniter4\framework\system\CodeIgniter.php(934): App\Controllers\Users->index()
#6 C:\xamppV8\htdocs\KalbeOPL\vendor\codeigniter4\framework\system\CodeIgniter.php(499): CodeIgniter\CodeIgniter->runController(Object(App\Controllers\Users))
#7 C:\xamppV8\htdocs\KalbeOPL\vendor\codeigniter4\framework\system\CodeIgniter.php(368): CodeIgniter\CodeIgniter->handleRequest(NULL, Object(Config\Cache), false)
#8 C:\xamppV8\htdocs\KalbeOPL\public\index.php(67): CodeIgniter\CodeIgniter->run()
#9 C:\xamppV8\htdocs\KalbeOPL\vendor\codeigniter4\framework\system\Commands\Server\rewrite.php(47): require_once('C:\\xamppV8\\htdo...')
#10 {main}
CRITICAL - 2023-03-09 08:49:49 --> Unknown column 'nama_distribusi' in 'order clause'
in SYSTEMPATH\Database\BaseConnection.php on line 645.
 1 SYSTEMPATH\Database\BaseBuilder.php(1601): CodeIgniter\Database\BaseConnection->query('SELECT *
FROM `users`
WHERE `id` = :id:
ORDER BY `nama_distribusi`', [...], false)
 2 APPPATH\Controllers\Users.php(55): CodeIgniter\Database\BaseBuilder->get()
 3 SYSTEMPATH\CodeIgniter.php(934): App\Controllers\Users->index()
 4 SYSTEMPATH\CodeIgniter.php(499): CodeIgniter\CodeIgniter->runController(Object(App\Controllers\Users))
 5 SYSTEMPATH\CodeIgniter.php(368): CodeIgniter\CodeIgniter->handleRequest(null, Object(Config\Cache), false)
 6 FCPATH\index.php(67): CodeIgniter\CodeIgniter->run()
 7 SYSTEMPATH\Commands\Server\rewrite.php(47): require_once('FCPATH\\index.php')
INFO - 2023-03-09 01:55:58 --> Session: Class initialized using 'CodeIgniter\Session\Handlers\FileHandler' driver.
ERROR - 2023-03-09 08:55:59 --> mysqli_sql_exception: Unknown column 'nama_distribusi' in 'order clause' in C:\xamppV8\htdocs\KalbeOPL\vendor\codeigniter4\framework\system\Database\MySQLi\Connection.php:295
Stack trace:
#0 C:\xamppV8\htdocs\KalbeOPL\vendor\codeigniter4\framework\system\Database\MySQLi\Connection.php(295): mysqli->query('SELECT *\nFROM `...', 0)
#1 C:\xamppV8\htdocs\KalbeOPL\vendor\codeigniter4\framework\system\Database\BaseConnection.php(691): CodeIgniter\Database\MySQLi\Connection->execute('SELECT *\nFROM `...')
#2 C:\xamppV8\htdocs\KalbeOPL\vendor\codeigniter4\framework\system\Database\BaseConnection.php(605): CodeIgniter\Database\BaseConnection->simpleQuery('SELECT *\nFROM `...')
#3 C:\xamppV8\htdocs\KalbeOPL\vendor\codeigniter4\framework\system\Database\BaseBuilder.php(1601): CodeIgniter\Database\BaseConnection->query('SELECT *\nFROM `...', Array, false)
#4 C:\xamppV8\htdocs\KalbeOPL\app\Controllers\Users.php(56): CodeIgniter\Database\BaseBuilder->get()
#5 C:\xamppV8\htdocs\KalbeOPL\vendor\codeigniter4\framework\system\CodeIgniter.php(934): App\Controllers\Users->index()
#6 C:\xamppV8\htdocs\KalbeOPL\vendor\codeigniter4\framework\system\CodeIgniter.php(499): CodeIgniter\CodeIgniter->runController(Object(App\Controllers\Users))
#7 C:\xamppV8\htdocs\KalbeOPL\vendor\codeigniter4\framework\system\CodeIgniter.php(368): CodeIgniter\CodeIgniter->handleRequest(NULL, Object(Config\Cache), false)
#8 C:\xamppV8\htdocs\KalbeOPL\public\index.php(67): CodeIgniter\CodeIgniter->run()
#9 C:\xamppV8\htdocs\KalbeOPL\vendor\codeigniter4\framework\system\Commands\Server\rewrite.php(47): require_once('C:\\xamppV8\\htdo...')
#10 {main}
CRITICAL - 2023-03-09 08:55:59 --> Unknown column 'nama_distribusi' in 'order clause'
in SYSTEMPATH\Database\BaseConnection.php on line 645.
 1 SYSTEMPATH\Database\BaseBuilder.php(1601): CodeIgniter\Database\BaseConnection->query('SELECT *
FROM `users`
WHERE `id` = :id:
ORDER BY `nama_distribusi`', [...], false)
 2 APPPATH\Controllers\Users.php(56): CodeIgniter\Database\BaseBuilder->get()
 3 SYSTEMPATH\CodeIgniter.php(934): App\Controllers\Users->index()
 4 SYSTEMPATH\CodeIgniter.php(499): CodeIgniter\CodeIgniter->runController(Object(App\Controllers\Users))
 5 SYSTEMPATH\CodeIgniter.php(368): CodeIgniter\CodeIgniter->handleRequest(null, Object(Config\Cache), false)
 6 FCPATH\index.php(67): CodeIgniter\CodeIgniter->run()
 7 SYSTEMPATH\Commands\Server\rewrite.php(47): require_once('FCPATH\\index.php')
INFO - 2023-03-09 01:56:00 --> Session: Class initialized using 'CodeIgniter\Session\Handlers\FileHandler' driver.
ERROR - 2023-03-09 08:56:00 --> mysqli_sql_exception: Unknown column 'nama_distribusi' in 'order clause' in C:\xamppV8\htdocs\KalbeOPL\vendor\codeigniter4\framework\system\Database\MySQLi\Connection.php:295
Stack trace:
#0 C:\xamppV8\htdocs\KalbeOPL\vendor\codeigniter4\framework\system\Database\MySQLi\Connection.php(295): mysqli->query('SELECT *\nFROM `...', 0)
#1 C:\xamppV8\htdocs\KalbeOPL\vendor\codeigniter4\framework\system\Database\BaseConnection.php(691): CodeIgniter\Database\MySQLi\Connection->execute('SELECT *\nFROM `...')
#2 C:\xamppV8\htdocs\KalbeOPL\vendor\codeigniter4\framework\system\Database\BaseConnection.php(605): CodeIgniter\Database\BaseConnection->simpleQuery('SELECT *\nFROM `...')
#3 C:\xamppV8\htdocs\KalbeOPL\vendor\codeigniter4\framework\system\Database\BaseBuilder.php(1601): CodeIgniter\Database\BaseConnection->query('SELECT *\nFROM `...', Array, false)
#4 C:\xamppV8\htdocs\KalbeOPL\app\Controllers\Users.php(56): CodeIgniter\Database\BaseBuilder->get()
#5 C:\xamppV8\htdocs\KalbeOPL\vendor\codeigniter4\framework\system\CodeIgniter.php(934): App\Controllers\Users->index()
#6 C:\xamppV8\htdocs\KalbeOPL\vendor\codeigniter4\framework\system\CodeIgniter.php(499): CodeIgniter\CodeIgniter->runController(Object(App\Controllers\Users))
#7 C:\xamppV8\htdocs\KalbeOPL\vendor\codeigniter4\framework\system\CodeIgniter.php(368): CodeIgniter\CodeIgniter->handleRequest(NULL, Object(Config\Cache), false)
#8 C:\xamppV8\htdocs\KalbeOPL\public\index.php(67): CodeIgniter\CodeIgniter->run()
#9 C:\xamppV8\htdocs\KalbeOPL\vendor\codeigniter4\framework\system\Commands\Server\rewrite.php(47): require_once('C:\\xamppV8\\htdo...')
#10 {main}
CRITICAL - 2023-03-09 08:56:00 --> Unknown column 'nama_distribusi' in 'order clause'
in SYSTEMPATH\Database\BaseConnection.php on line 645.
 1 SYSTEMPATH\Database\BaseBuilder.php(1601): CodeIgniter\Database\BaseConnection->query('SELECT *
FROM `users`
WHERE `id` IS NULL
ORDER BY `nama_distribusi`', [], false)
 2 APPPATH\Controllers\Users.php(56): CodeIgniter\Database\BaseBuilder->get()
 3 SYSTEMPATH\CodeIgniter.php(934): App\Controllers\Users->index()
 4 SYSTEMPATH\CodeIgniter.php(499): CodeIgniter\CodeIgniter->runController(Object(App\Controllers\Users))
 5 SYSTEMPATH\CodeIgniter.php(368): CodeIgniter\CodeIgniter->handleRequest(null, Object(Config\Cache), false)
 6 FCPATH\index.php(67): CodeIgniter\CodeIgniter->run()
 7 SYSTEMPATH\Commands\Server\rewrite.php(47): require_once('FCPATH\\index.php')
INFO - 2023-03-09 01:56:01 --> Session: Class initialized using 'CodeIgniter\Session\Handlers\FileHandler' driver.
ERROR - 2023-03-09 08:56:01 --> mysqli_sql_exception: Unknown column 'nama_distribusi' in 'order clause' in C:\xamppV8\htdocs\KalbeOPL\vendor\codeigniter4\framework\system\Database\MySQLi\Connection.php:295
Stack trace:
#0 C:\xamppV8\htdocs\KalbeOPL\vendor\codeigniter4\framework\system\Database\MySQLi\Connection.php(295): mysqli->query('SELECT *\nFROM `...', 0)
#1 C:\xamppV8\htdocs\KalbeOPL\vendor\codeigniter4\framework\system\Database\BaseConnection.php(691): CodeIgniter\Database\MySQLi\Connection->execute('SELECT *\nFROM `...')
#2 C:\xamppV8\htdocs\KalbeOPL\vendor\codeigniter4\framework\system\Database\BaseConnection.php(605): CodeIgniter\Database\BaseConnection->simpleQuery('SELECT *\nFROM `...')
#3 C:\xamppV8\htdocs\KalbeOPL\vendor\codeigniter4\framework\system\Database\BaseBuilder.php(1601): CodeIgniter\Database\BaseConnection->query('SELECT *\nFROM `...', Array, false)
#4 C:\xamppV8\htdocs\KalbeOPL\app\Controllers\Users.php(56): CodeIgniter\Database\BaseBuilder->get()
#5 C:\xamppV8\htdocs\KalbeOPL\vendor\codeigniter4\framework\system\CodeIgniter.php(934): App\Controllers\Users->index()
#6 C:\xamppV8\htdocs\KalbeOPL\vendor\codeigniter4\framework\system\CodeIgniter.php(499): CodeIgniter\CodeIgniter->runController(Object(App\Controllers\Users))
#7 C:\xamppV8\htdocs\KalbeOPL\vendor\codeigniter4\framework\system\CodeIgniter.php(368): CodeIgniter\CodeIgniter->handleRequest(NULL, Object(Config\Cache), false)
#8 C:\xamppV8\htdocs\KalbeOPL\public\index.php(67): CodeIgniter\CodeIgniter->run()
#9 C:\xamppV8\htdocs\KalbeOPL\vendor\codeigniter4\framework\system\Commands\Server\rewrite.php(47): require_once('C:\\xamppV8\\htdo...')
#10 {main}
CRITICAL - 2023-03-09 08:56:01 --> Unknown column 'nama_distribusi' in 'order clause'
in SYSTEMPATH\Database\BaseConnection.php on line 645.
 1 SYSTEMPATH\Database\BaseBuilder.php(1601): CodeIgniter\Database\BaseConnection->query('SELECT *
FROM `users`
WHERE `id` IS NULL
ORDER BY `nama_distribusi`', [], false)
 2 APPPATH\Controllers\Users.php(56): CodeIgniter\Database\BaseBuilder->get()
 3 SYSTEMPATH\CodeIgniter.php(934): App\Controllers\Users->index()
 4 SYSTEMPATH\CodeIgniter.php(499): CodeIgniter\CodeIgniter->runController(Object(App\Controllers\Users))
 5 SYSTEMPATH\CodeIgniter.php(368): CodeIgniter\CodeIgniter->handleRequest(null, Object(Config\Cache), false)
 6 FCPATH\index.php(67): CodeIgniter\CodeIgniter->run()
 7 SYSTEMPATH\Commands\Server\rewrite.php(47): require_once('FCPATH\\index.php')
INFO - 2023-03-09 01:56:18 --> Session: Class initialized using 'CodeIgniter\Session\Handlers\FileHandler' driver.
CRITICAL - 2023-03-09 08:56:18 --> foreach() argument must be of type array|object, null given
in APPPATH\Views\dashboard.php on line 207.
 1 APPPATH\Views\dashboard.php(207): CodeIgniter\Debug\Exceptions->errorHandler(2, 'foreach() argument must be of type array|object, null given', 'APPPATH\\Views\\dashboard.php', 207)
 2 SYSTEMPATH\View\View.php(213): include('APPPATH\\Views\\dashboard.php')
 3 SYSTEMPATH\View\View.php(216): CodeIgniter\View\View->CodeIgniter\View\{closure}()
 4 SYSTEMPATH\Common.php(1177): CodeIgniter\View\View->render('dashboard', [], true)
 5 APPPATH\Controllers\Users.php(249): view('dashboard', [...])
 6 SYSTEMPATH\CodeIgniter.php(934): App\Controllers\Users->index()
 7 SYSTEMPATH\CodeIgniter.php(499): CodeIgniter\CodeIgniter->runController(Object(App\Controllers\Users))
 8 SYSTEMPATH\CodeIgniter.php(368): CodeIgniter\CodeIgniter->handleRequest(null, Object(Config\Cache), false)
 9 FCPATH\index.php(67): CodeIgniter\CodeIgniter->run()
10 SYSTEMPATH\Commands\Server\rewrite.php(47): require_once('FCPATH\\index.php')
INFO - 2023-03-09 01:56:27 --> Session: Class initialized using 'CodeIgniter\Session\Handlers\FileHandler' driver.
CRITICAL - 2023-03-09 08:56:28 --> foreach() argument must be of type array|object, null given
in APPPATH\Views\dashboard.php on line 207.
 1 APPPATH\Views\dashboard.php(207): CodeIgniter\Debug\Exceptions->errorHandler(2, 'foreach() argument must be of type array|object, null given', 'APPPATH\\Views\\dashboard.php', 207)
 2 SYSTEMPATH\View\View.php(213): include('APPPATH\\Views\\dashboard.php')
 3 SYSTEMPATH\View\View.php(216): CodeIgniter\View\View->CodeIgniter\View\{closure}()
 4 SYSTEMPATH\Common.php(1177): CodeIgniter\View\View->render('dashboard', [], true)
 5 APPPATH\Controllers\Users.php(249): view('dashboard', [...])
 6 SYSTEMPATH\CodeIgniter.php(934): App\Controllers\Users->index()
 7 SYSTEMPATH\CodeIgniter.php(499): CodeIgniter\CodeIgniter->runController(Object(App\Controllers\Users))
 8 SYSTEMPATH\CodeIgniter.php(368): CodeIgniter\CodeIgniter->handleRequest(null, Object(Config\Cache), false)
 9 FCPATH\index.php(67): CodeIgniter\CodeIgniter->run()
10 SYSTEMPATH\Commands\Server\rewrite.php(47): require_once('FCPATH\\index.php')
INFO - 2023-03-09 02:04:30 --> Session: Class initialized using 'CodeIgniter\Session\Handlers\FileHandler' driver.
INFO - 2023-03-09 02:04:49 --> Session: Class initialized using 'CodeIgniter\Session\Handlers\FileHandler' driver.
INFO - 2023-03-09 02:24:26 --> Session: Class initialized using 'CodeIgniter\Session\Handlers\FileHandler' driver.
INFO - 2023-03-09 02:25:16 --> Session: Class initialized using 'CodeIgniter\Session\Handlers\FileHandler' driver.
CRITICAL - 2023-03-09 09:25:16 --> foreach() argument must be of type array|object, null given
in APPPATH\Views\dashboard.php on line 207.
 1 APPPATH\Views\dashboard.php(207): CodeIgniter\Debug\Exceptions->errorHandler(2, 'foreach() argument must be of type array|object, null given', 'APPPATH\\Views\\dashboard.php', 207)
 2 SYSTEMPATH\View\View.php(213): include('APPPATH\\Views\\dashboard.php')
 3 SYSTEMPATH\View\View.php(216): CodeIgniter\View\View->CodeIgniter\View\{closure}()
 4 SYSTEMPATH\Common.php(1177): CodeIgniter\View\View->render('dashboard', [], true)
 5 APPPATH\Controllers\Users.php(249): view('dashboard', [...])
 6 SYSTEMPATH\CodeIgniter.php(934): App\Controllers\Users->index()
 7 SYSTEMPATH\CodeIgniter.php(499): CodeIgniter\CodeIgniter->runController(Object(App\Controllers\Users))
 8 SYSTEMPATH\CodeIgniter.php(368): CodeIgniter\CodeIgniter->handleRequest(null, Object(Config\Cache), false)
 9 FCPATH\index.php(67): CodeIgniter\CodeIgniter->run()
10 SYSTEMPATH\Commands\Server\rewrite.php(47): require_once('FCPATH\\index.php')
INFO - 2023-03-09 02:25:40 --> Session: Class initialized using 'CodeIgniter\Session\Handlers\FileHandler' driver.
CRITICAL - 2023-03-09 09:25:41 --> foreach() argument must be of type array|object, null given
in APPPATH\Views\dashboard.php on line 227.
 1 APPPATH\Views\dashboard.php(227): CodeIgniter\Debug\Exceptions->errorHandler(2, 'foreach() argument must be of type array|object, null given', 'APPPATH\\Views\\dashboard.php', 227)
 2 SYSTEMPATH\View\View.php(213): include('APPPATH\\Views\\dashboard.php')
 3 SYSTEMPATH\View\View.php(216): CodeIgniter\View\View->CodeIgniter\View\{closure}()
 4 SYSTEMPATH\Common.php(1177): CodeIgniter\View\View->render('dashboard', [], true)
 5 APPPATH\Controllers\Users.php(249): view('dashboard', [...])
 6 SYSTEMPATH\CodeIgniter.php(934): App\Controllers\Users->index()
 7 SYSTEMPATH\CodeIgniter.php(499): CodeIgniter\CodeIgniter->runController(Object(App\Controllers\Users))
 8 SYSTEMPATH\CodeIgniter.php(368): CodeIgniter\CodeIgniter->handleRequest(null, Object(Config\Cache), false)
 9 FCPATH\index.php(67): CodeIgniter\CodeIgniter->run()
10 SYSTEMPATH\Commands\Server\rewrite.php(47): require_once('FCPATH\\index.php')
INFO - 2023-03-09 02:26:53 --> Session: Class initialized using 'CodeIgniter\Session\Handlers\FileHandler' driver.
INFO - 2023-03-09 02:27:16 --> Session: Class initialized using 'CodeIgniter\Session\Handlers\FileHandler' driver.
INFO - 2023-03-09 02:27:16 --> Session: Class initialized using 'CodeIgniter\Session\Handlers\FileHandler' driver.
INFO - 2023-03-09 02:27:16 --> Session: Class initialized using 'CodeIgniter\Session\Handlers\FileHandler' driver.
INFO - 2023-03-09 02:27:18 --> Session: Class initialized using 'CodeIgniter\Session\Handlers\FileHandler' driver.
INFO - 2023-03-09 02:27:19 --> Session: Class initialized using 'CodeIgniter\Session\Handlers\FileHandler' driver.
INFO - 2023-03-09 02:27:58 --> Session: Class initialized using 'CodeIgniter\Session\Handlers\FileHandler' driver.
INFO - 2023-03-09 02:28:15 --> Session: Class initialized using 'CodeIgniter\Session\Handlers\FileHandler' driver.
INFO - 2023-03-09 02:28:55 --> Session: Class initialized using 'CodeIgniter\Session\Handlers\FileHandler' driver.
INFO - 2023-03-09 02:29:21 --> Session: Class initialized using 'CodeIgniter\Session\Handlers\FileHandler' driver.
INFO - 2023-03-09 02:33:22 --> Session: Class initialized using 'CodeIgniter\Session\Handlers\FileHandler' driver.
ERROR - 2023-03-09 09:33:22 --> mysqli_sql_exception: Unknown column 'nama_distribusi' in 'field list' in C:\xamppV8\htdocs\KalbeOPL\vendor\codeigniter4\framework\system\Database\MySQLi\Connection.php:295
Stack trace:
#0 C:\xamppV8\htdocs\KalbeOPL\vendor\codeigniter4\framework\system\Database\MySQLi\Connection.php(295): mysqli->query('SELECT `id`, `n...', 0)
#1 C:\xamppV8\htdocs\KalbeOPL\vendor\codeigniter4\framework\system\Database\BaseConnection.php(691): CodeIgniter\Database\MySQLi\Connection->execute('SELECT `id`, `n...')
#2 C:\xamppV8\htdocs\KalbeOPL\vendor\codeigniter4\framework\system\Database\BaseConnection.php(605): CodeIgniter\Database\BaseConnection->simpleQuery('SELECT `id`, `n...')
#3 C:\xamppV8\htdocs\KalbeOPL\vendor\codeigniter4\framework\system\Database\BaseBuilder.php(1601): CodeIgniter\Database\BaseConnection->query('SELECT `id`, `n...', Array, false)
#4 C:\xamppV8\htdocs\KalbeOPL\app\Controllers\Users.php(56): CodeIgniter\Database\BaseBuilder->get()
#5 C:\xamppV8\htdocs\KalbeOPL\vendor\codeigniter4\framework\system\CodeIgniter.php(934): App\Controllers\Users->index()
#6 C:\xamppV8\htdocs\KalbeOPL\vendor\codeigniter4\framework\system\CodeIgniter.php(499): CodeIgniter\CodeIgniter->runController(Object(App\Controllers\Users))
#7 C:\xamppV8\htdocs\KalbeOPL\vendor\codeigniter4\framework\system\CodeIgniter.php(368): CodeIgniter\CodeIgniter->handleRequest(NULL, Object(Config\Cache), false)
#8 C:\xamppV8\htdocs\KalbeOPL\public\index.php(67): CodeIgniter\CodeIgniter->run()
#9 C:\xamppV8\htdocs\KalbeOPL\vendor\codeigniter4\framework\system\Commands\Server\rewrite.php(47): require_once('C:\\xamppV8\\htdo...')
#10 {main}
CRITICAL - 2023-03-09 09:33:22 --> Unknown column 'nama_distribusi' in 'field list'
in SYSTEMPATH\Database\BaseConnection.php on line 645.
 1 SYSTEMPATH\Database\BaseBuilder.php(1601): CodeIgniter\Database\BaseConnection->query('SELECT `id`, `nama_distribusi`
FROM `users`
WHERE `id` IS NULL
ORDER BY `nama_distribusi`', [], false)
 2 APPPATH\Controllers\Users.php(56): CodeIgniter\Database\BaseBuilder->get()
 3 SYSTEMPATH\CodeIgniter.php(934): App\Controllers\Users->index()
 4 SYSTEMPATH\CodeIgniter.php(499): CodeIgniter\CodeIgniter->runController(Object(App\Controllers\Users))
 5 SYSTEMPATH\CodeIgniter.php(368): CodeIgniter\CodeIgniter->handleRequest(null, Object(Config\Cache), false)
 6 FCPATH\index.php(67): CodeIgniter\CodeIgniter->run()
 7 SYSTEMPATH\Commands\Server\rewrite.php(47): require_once('FCPATH\\index.php')
INFO - 2023-03-09 02:33:38 --> Session: Class initialized using 'CodeIgniter\Session\Handlers\FileHandler' driver.
ERROR - 2023-03-09 09:33:38 --> mysqli_sql_exception: Unknown column 'nama_distribusi' in 'order clause' in C:\xamppV8\htdocs\KalbeOPL\vendor\codeigniter4\framework\system\Database\MySQLi\Connection.php:295
Stack trace:
#0 C:\xamppV8\htdocs\KalbeOPL\vendor\codeigniter4\framework\system\Database\MySQLi\Connection.php(295): mysqli->query('SELECT *\nFROM `...', 0)
#1 C:\xamppV8\htdocs\KalbeOPL\vendor\codeigniter4\framework\system\Database\BaseConnection.php(691): CodeIgniter\Database\MySQLi\Connection->execute('SELECT *\nFROM `...')
#2 C:\xamppV8\htdocs\KalbeOPL\vendor\codeigniter4\framework\system\Database\BaseConnection.php(605): CodeIgniter\Database\BaseConnection->simpleQuery('SELECT *\nFROM `...')
#3 C:\xamppV8\htdocs\KalbeOPL\vendor\codeigniter4\framework\system\Database\BaseBuilder.php(1601): CodeIgniter\Database\BaseConnection->query('SELECT *\nFROM `...', Array, false)
#4 C:\xamppV8\htdocs\KalbeOPL\app\Controllers\Users.php(56): CodeIgniter\Database\BaseBuilder->get()
#5 C:\xamppV8\htdocs\KalbeOPL\vendor\codeigniter4\framework\system\CodeIgniter.php(934): App\Controllers\Users->index()
#6 C:\xamppV8\htdocs\KalbeOPL\vendor\codeigniter4\framework\system\CodeIgniter.php(499): CodeIgniter\CodeIgniter->runController(Object(App\Controllers\Users))
#7 C:\xamppV8\htdocs\KalbeOPL\vendor\codeigniter4\framework\system\CodeIgniter.php(368): CodeIgniter\CodeIgniter->handleRequest(NULL, Object(Config\Cache), false)
#8 C:\xamppV8\htdocs\KalbeOPL\public\index.php(67): CodeIgniter\CodeIgniter->run()
#9 C:\xamppV8\htdocs\KalbeOPL\vendor\codeigniter4\framework\system\Commands\Server\rewrite.php(47): require_once('C:\\xamppV8\\htdo...')
#10 {main}
CRITICAL - 2023-03-09 09:33:38 --> Unknown column 'nama_distribusi' in 'order clause'
in SYSTEMPATH\Database\BaseConnection.php on line 645.
 1 SYSTEMPATH\Database\BaseBuilder.php(1601): CodeIgniter\Database\BaseConnection->query('SELECT *
FROM `users`
WHERE `id` IS NULL
ORDER BY `nama_distribusi`', [], false)
 2 APPPATH\Controllers\Users.php(56): CodeIgniter\Database\BaseBuilder->get()
 3 SYSTEMPATH\CodeIgniter.php(934): App\Controllers\Users->index()
 4 SYSTEMPATH\CodeIgniter.php(499): CodeIgniter\CodeIgniter->runController(Object(App\Controllers\Users))
 5 SYSTEMPATH\CodeIgniter.php(368): CodeIgniter\CodeIgniter->handleRequest(null, Object(Config\Cache), false)
 6 FCPATH\index.php(67): CodeIgniter\CodeIgniter->run()
 7 SYSTEMPATH\Commands\Server\rewrite.php(47): require_once('FCPATH\\index.php')
INFO - 2023-03-09 02:33:42 --> Session: Class initialized using 'CodeIgniter\Session\Handlers\FileHandler' driver.
ERROR - 2023-03-09 09:33:42 --> mysqli_sql_exception: Unknown column 'nama_distribusi' in 'order clause' in C:\xamppV8\htdocs\KalbeOPL\vendor\codeigniter4\framework\system\Database\MySQLi\Connection.php:295
Stack trace:
#0 C:\xamppV8\htdocs\KalbeOPL\vendor\codeigniter4\framework\system\Database\MySQLi\Connection.php(295): mysqli->query('SELECT *\nFROM `...', 0)
#1 C:\xamppV8\htdocs\KalbeOPL\vendor\codeigniter4\framework\system\Database\BaseConnection.php(691): CodeIgniter\Database\MySQLi\Connection->execute('SELECT *\nFROM `...')
#2 C:\xamppV8\htdocs\KalbeOPL\vendor\codeigniter4\framework\system\Database\BaseConnection.php(605): CodeIgniter\Database\BaseConnection->simpleQuery('SELECT *\nFROM `...')
#3 C:\xamppV8\htdocs\KalbeOPL\vendor\codeigniter4\framework\system\Database\BaseBuilder.php(1601): CodeIgniter\Database\BaseConnection->query('SELECT *\nFROM `...', Array, false)
#4 C:\xamppV8\htdocs\KalbeOPL\app\Controllers\Users.php(55): CodeIgniter\Database\BaseBuilder->get()
#5 C:\xamppV8\htdocs\KalbeOPL\vendor\codeigniter4\framework\system\CodeIgniter.php(934): App\Controllers\Users->index()
#6 C:\xamppV8\htdocs\KalbeOPL\vendor\codeigniter4\framework\system\CodeIgniter.php(499): CodeIgniter\CodeIgniter->runController(Object(App\Controllers\Users))
#7 C:\xamppV8\htdocs\KalbeOPL\vendor\codeigniter4\framework\system\CodeIgniter.php(368): CodeIgniter\CodeIgniter->handleRequest(NULL, Object(Config\Cache), false)
#8 C:\xamppV8\htdocs\KalbeOPL\public\index.php(67): CodeIgniter\CodeIgniter->run()
#9 C:\xamppV8\htdocs\KalbeOPL\vendor\codeigniter4\framework\system\Commands\Server\rewrite.php(47): require_once('C:\\xamppV8\\htdo...')
#10 {main}
CRITICAL - 2023-03-09 09:33:42 --> Unknown column 'nama_distribusi' in 'order clause'
in SYSTEMPATH\Database\BaseConnection.php on line 645.
 1 SYSTEMPATH\Database\BaseBuilder.php(1601): CodeIgniter\Database\BaseConnection->query('SELECT *
FROM `users`
WHERE `id` IS NULL
ORDER BY `nama_distribusi`', [], false)
 2 APPPATH\Controllers\Users.php(55): CodeIgniter\Database\BaseBuilder->get()
 3 SYSTEMPATH\CodeIgniter.php(934): App\Controllers\Users->index()
 4 SYSTEMPATH\CodeIgniter.php(499): CodeIgniter\CodeIgniter->runController(Object(App\Controllers\Users))
 5 SYSTEMPATH\CodeIgniter.php(368): CodeIgniter\CodeIgniter->handleRequest(null, Object(Config\Cache), false)
 6 FCPATH\index.php(67): CodeIgniter\CodeIgniter->run()
 7 SYSTEMPATH\Commands\Server\rewrite.php(47): require_once('FCPATH\\index.php')
INFO - 2023-03-09 02:33:51 --> Session: Class initialized using 'CodeIgniter\Session\Handlers\FileHandler' driver.
ERROR - 2023-03-09 09:33:51 --> mysqli_sql_exception: Unknown column 'nama_distribusi' in 'field list' in C:\xamppV8\htdocs\KalbeOPL\vendor\codeigniter4\framework\system\Database\MySQLi\Connection.php:295
Stack trace:
#0 C:\xamppV8\htdocs\KalbeOPL\vendor\codeigniter4\framework\system\Database\MySQLi\Connection.php(295): mysqli->query('SELECT `id`, `n...', 0)
#1 C:\xamppV8\htdocs\KalbeOPL\vendor\codeigniter4\framework\system\Database\BaseConnection.php(691): CodeIgniter\Database\MySQLi\Connection->execute('SELECT `id`, `n...')
#2 C:\xamppV8\htdocs\KalbeOPL\vendor\codeigniter4\framework\system\Database\BaseConnection.php(605): CodeIgniter\Database\BaseConnection->simpleQuery('SELECT `id`, `n...')
#3 C:\xamppV8\htdocs\KalbeOPL\vendor\codeigniter4\framework\system\Database\BaseBuilder.php(1601): CodeIgniter\Database\BaseConnection->query('SELECT `id`, `n...', Array, false)
#4 C:\xamppV8\htdocs\KalbeOPL\app\Controllers\Users.php(55): CodeIgniter\Database\BaseBuilder->get()
#5 C:\xamppV8\htdocs\KalbeOPL\vendor\codeigniter4\framework\system\CodeIgniter.php(934): App\Controllers\Users->index()
#6 C:\xamppV8\htdocs\KalbeOPL\vendor\codeigniter4\framework\system\CodeIgniter.php(499): CodeIgniter\CodeIgniter->runController(Object(App\Controllers\Users))
#7 C:\xamppV8\htdocs\KalbeOPL\vendor\codeigniter4\framework\system\CodeIgniter.php(368): CodeIgniter\CodeIgniter->handleRequest(NULL, Object(Config\Cache), false)
#8 C:\xamppV8\htdocs\KalbeOPL\public\index.php(67): CodeIgniter\CodeIgniter->run()
#9 C:\xamppV8\htdocs\KalbeOPL\vendor\codeigniter4\framework\system\Commands\Server\rewrite.php(47): require_once('C:\\xamppV8\\htdo...')
#10 {main}
CRITICAL - 2023-03-09 09:33:51 --> Unknown column 'nama_distribusi' in 'field list'
in SYSTEMPATH\Database\BaseConnection.php on line 645.
 1 SYSTEMPATH\Database\BaseBuilder.php(1601): CodeIgniter\Database\BaseConnection->query('SELECT `id`, `nama_distribusi`
FROM `users`
WHERE `id` IS NULL', [], false)
 2 APPPATH\Controllers\Users.php(55): CodeIgniter\Database\BaseBuilder->get()
 3 SYSTEMPATH\CodeIgniter.php(934): App\Controllers\Users->index()
 4 SYSTEMPATH\CodeIgniter.php(499): CodeIgniter\CodeIgniter->runController(Object(App\Controllers\Users))
 5 SYSTEMPATH\CodeIgniter.php(368): CodeIgniter\CodeIgniter->handleRequest(null, Object(Config\Cache), false)
 6 FCPATH\index.php(67): CodeIgniter\CodeIgniter->run()
 7 SYSTEMPATH\Commands\Server\rewrite.php(47): require_once('FCPATH\\index.php')
INFO - 2023-03-09 02:34:11 --> Session: Class initialized using 'CodeIgniter\Session\Handlers\FileHandler' driver.
ERROR - 2023-03-09 09:34:12 --> mysqli_sql_exception: Unknown table 'kalbe.distribusi' in C:\xamppV8\htdocs\KalbeOPL\vendor\codeigniter4\framework\system\Database\MySQLi\Connection.php:295
Stack trace:
#0 C:\xamppV8\htdocs\KalbeOPL\vendor\codeigniter4\framework\system\Database\MySQLi\Connection.php(295): mysqli->query('SELECT `distrib...', 0)
#1 C:\xamppV8\htdocs\KalbeOPL\vendor\codeigniter4\framework\system\Database\BaseConnection.php(691): CodeIgniter\Database\MySQLi\Connection->execute('SELECT `distrib...')
#2 C:\xamppV8\htdocs\KalbeOPL\vendor\codeigniter4\framework\system\Database\BaseConnection.php(605): CodeIgniter\Database\BaseConnection->simpleQuery('SELECT `distrib...')
#3 C:\xamppV8\htdocs\KalbeOPL\vendor\codeigniter4\framework\system\Database\BaseBuilder.php(1601): CodeIgniter\Database\BaseConnection->query('SELECT `distrib...', Array, false)
#4 C:\xamppV8\htdocs\KalbeOPL\app\Controllers\Users.php(55): CodeIgniter\Database\BaseBuilder->get()
#5 C:\xamppV8\htdocs\KalbeOPL\vendor\codeigniter4\framework\system\CodeIgniter.php(934): App\Controllers\Users->index()
#6 C:\xamppV8\htdocs\KalbeOPL\vendor\codeigniter4\framework\system\CodeIgniter.php(499): CodeIgniter\CodeIgniter->runController(Object(App\Controllers\Users))
#7 C:\xamppV8\htdocs\KalbeOPL\vendor\codeigniter4\framework\system\CodeIgniter.php(368): CodeIgniter\CodeIgniter->handleRequest(NULL, Object(Config\Cache), false)
#8 C:\xamppV8\htdocs\KalbeOPL\public\index.php(67): CodeIgniter\CodeIgniter->run()
#9 C:\xamppV8\htdocs\KalbeOPL\vendor\codeigniter4\framework\system\Commands\Server\rewrite.php(47): require_once('C:\\xamppV8\\htdo...')
#10 {main}
CRITICAL - 2023-03-09 09:34:12 --> Unknown table 'kalbe.distribusi'
in SYSTEMPATH\Database\BaseConnection.php on line 645.
 1 SYSTEMPATH\Database\BaseBuilder.php(1601): CodeIgniter\Database\BaseConnection->query('SELECT `distribusi`.*
FROM `users`
WHERE `id` IS NULL', [], false)
 2 APPPATH\Controllers\Users.php(55): CodeIgniter\Database\BaseBuilder->get()
 3 SYSTEMPATH\CodeIgniter.php(934): App\Controllers\Users->index()
 4 SYSTEMPATH\CodeIgniter.php(499): CodeIgniter\CodeIgniter->runController(Object(App\Controllers\Users))
 5 SYSTEMPATH\CodeIgniter.php(368): CodeIgniter\CodeIgniter->handleRequest(null, Object(Config\Cache), false)
 6 FCPATH\index.php(67): CodeIgniter\CodeIgniter->run()
 7 SYSTEMPATH\Commands\Server\rewrite.php(47): require_once('FCPATH\\index.php')
INFO - 2023-03-09 02:34:34 --> Session: Class initialized using 'CodeIgniter\Session\Handlers\FileHandler' driver.
INFO - 2023-03-09 02:35:28 --> Session: Class initialized using 'CodeIgniter\Session\Handlers\FileHandler' driver.
INFO - 2023-03-09 02:35:33 --> Session: Class initialized using 'CodeIgniter\Session\Handlers\FileHandler' driver.
CRITICAL - 2023-03-09 09:35:33 --> Undefined variable $namaDistribusi
in APPPATH\Views\dashboard.php on line 206.
 1 APPPATH\Views\dashboard.php(206): CodeIgniter\Debug\Exceptions->errorHandler(2, 'Undefined variable $namaDistribusi', 'APPPATH\\Views\\dashboard.php', 206)
 2 SYSTEMPATH\View\View.php(213): include('APPPATH\\Views\\dashboard.php')
 3 SYSTEMPATH\View\View.php(216): CodeIgniter\View\View->CodeIgniter\View\{closure}()
 4 SYSTEMPATH\Common.php(1177): CodeIgniter\View\View->render('dashboard', [], true)
 5 APPPATH\Controllers\Users.php(257): view('dashboard', [...])
 6 SYSTEMPATH\CodeIgniter.php(934): App\Controllers\Users->index()
 7 SYSTEMPATH\CodeIgniter.php(499): CodeIgniter\CodeIgniter->runController(Object(App\Controllers\Users))
 8 SYSTEMPATH\CodeIgniter.php(368): CodeIgniter\CodeIgniter->handleRequest(null, Object(Config\Cache), false)
 9 FCPATH\index.php(67): CodeIgniter\CodeIgniter->run()
10 SYSTEMPATH\Commands\Server\rewrite.php(47): require_once('FCPATH\\index.php')
INFO - 2023-03-09 02:35:48 --> Session: Class initialized using 'CodeIgniter\Session\Handlers\FileHandler' driver.
CRITICAL - 2023-03-09 09:35:48 --> Undefined variable $namaDistribusi
in APPPATH\Views\dashboard.php on line 206.
 1 APPPATH\Views\dashboard.php(206): CodeIgniter\Debug\Exceptions->errorHandler(2, 'Undefined variable $namaDistribusi', 'APPPATH\\Views\\dashboard.php', 206)
 2 SYSTEMPATH\View\View.php(213): include('APPPATH\\Views\\dashboard.php')
 3 SYSTEMPATH\View\View.php(216): CodeIgniter\View\View->CodeIgniter\View\{closure}()
 4 SYSTEMPATH\Common.php(1177): CodeIgniter\View\View->render('dashboard', [], true)
 5 APPPATH\Controllers\Users.php(257): view('dashboard', [...])
 6 SYSTEMPATH\CodeIgniter.php(934): App\Controllers\Users->index()
 7 SYSTEMPATH\CodeIgniter.php(499): CodeIgniter\CodeIgniter->runController(Object(App\Controllers\Users))
 8 SYSTEMPATH\CodeIgniter.php(368): CodeIgniter\CodeIgniter->handleRequest(null, Object(Config\Cache), false)
 9 FCPATH\index.php(67): CodeIgniter\CodeIgniter->run()
10 SYSTEMPATH\Commands\Server\rewrite.php(47): require_once('FCPATH\\index.php')
